[nltk_data] Downloading package stopwords to /home/jovyan/nltk_data...
[nltk_data]   Package stopwords is already up-to-date!
Traceback (most recent call last):
  File "/notebooks/Naman/parler.py", line 97, in <module>
    results = Parallel(n_jobs=num_cores)(delayed(process_chunk)(chunk) for chunk in [chunk])
  File "/opt/conda/lib/python3.10/site-packages/joblib/parallel.py", line 1098, in __call__
    self.retrieve()
  File "/opt/conda/lib/python3.10/site-packages/joblib/parallel.py", line 975, in retrieve
    self._output.extend(job.get(timeout=self.timeout))
  File "/opt/conda/lib/python3.10/site-packages/joblib/_parallel_backends.py", line 567, in wrap_future_result
    return future.result(timeout=timeout)
  File "/opt/conda/lib/python3.10/concurrent/futures/_base.py", line 453, in result
    self._condition.wait(timeout)
  File "/opt/conda/lib/python3.10/threading.py", line 320, in wait
    waiter.acquire()
KeyboardInterrupt
[nltk_data] Downloading package stopwords to /home/jovyan/nltk_data...
[nltk_data]   Package stopwords is already up-to-date!
Processed chunk with 100000 rows...
Processed chunk with 100000 rows...
Processed chunk with 100000 rows...
Processed chunk with 100000 rows...
Processed chunk with 100000 rows...
Processed chunk with 100000 rows...
Processed chunk with 100000 rows...
Processed chunk with 100000 rows...
Processed chunk with 100000 rows...
Processed chunk with 100000 rows...
Processed chunk with 100000 rows...
Processed chunk with 100000 rows...
Processed chunk with 100000 rows...
Processed chunk with 100000 rows...
Processed chunk with 100000 rows...
Processed chunk with 100000 rows...
Processed chunk with 100000 rows...
Processed chunk with 100000 rows...
Processed chunk with 100000 rows...
Processed chunk with 100000 rows...
Processed chunk with 100000 rows...
Processed chunk with 100000 rows...
Processed chunk with 100000 rows...
Processed chunk with 100000 rows...
Processed chunk with 100000 rows...
Processed chunk with 100000 rows...
Processed chunk with 100000 rows...
Processed chunk with 100000 rows...
Processed chunk with 100000 rows...
Processed chunk with 100000 rows...
Processed chunk with 100000 rows...
Processed chunk with 100000 rows...
Processed chunk with 100000 rows...
Processed chunk with 100000 rows...
Processed chunk with 100000 rows...
Processed chunk with 100000 rows...
Processed chunk with 100000 rows...
Processed chunk with 100000 rows...
Processed chunk with 100000 rows...
Processed chunk with 100000 rows...
Processed chunk with 100000 rows...
Processed chunk with 100000 rows...
Processed chunk with 100000 rows...
Processed chunk with 100000 rows...
Processed chunk with 100000 rows...
Processed chunk with 100000 rows...
Processed chunk with 100000 rows...
Processed chunk with 100000 rows...
Processed chunk with 100000 rows...
Processed chunk with 100000 rows...
Processed chunk with 100000 rows...
Processed chunk with 100000 rows...
Processed chunk with 100000 rows...
Processed chunk with 100000 rows...
Processed chunk with 100000 rows...
Processed chunk with 100000 rows...
Processed chunk with 100000 rows...
Processed chunk with 100000 rows...
Processed chunk with 100000 rows...
Processed chunk with 100000 rows...
Processed chunk with 100000 rows...
Processed chunk with 100000 rows...
Processed chunk with 100000 rows...
Processed chunk with 100000 rows...
Processed chunk with 100000 rows...
Processed chunk with 100000 rows...
Processed chunk with 100000 rows...
Processed chunk with 100000 rows...
Processed chunk with 100000 rows...
Processed chunk with 100000 rows...
Processed chunk with 100000 rows...
Processed chunk with 100000 rows...
Processed chunk with 100000 rows...
Processed chunk with 100000 rows...
Processed chunk with 100000 rows...
Processed chunk with 100000 rows...
Processed chunk with 100000 rows...
Processed chunk with 100000 rows...
Processed chunk with 100000 rows...
Processed chunk with 100000 rows...
Processed chunk with 100000 rows...
Processed chunk with 100000 rows...
Processed chunk with 100000 rows...
Processed chunk with 100000 rows...
Processed chunk with 100000 rows...
Processed chunk with 100000 rows...
Processed chunk with 100000 rows...
Processed chunk with 100000 rows...
Processed chunk with 100000 rows...
Processed chunk with 100000 rows...
Processed chunk with 100000 rows...
Processed chunk with 100000 rows...
Processed chunk with 100000 rows...
Processed chunk with 100000 rows...
Processed chunk with 100000 rows...
Processed chunk with 100000 rows...
Processed chunk with 100000 rows...
Processed chunk with 100000 rows...
Processed chunk with 100000 rows...
Processed chunk with 100000 rows...
Processed chunk with 100000 rows...
Processed chunk with 100000 rows...
Processed chunk with 100000 rows...
Processed chunk with 100000 rows...
Processed chunk with 100000 rows...
Processed chunk with 100000 rows...
Processed chunk with 100000 rows...
Processed chunk with 100000 rows...
Processed chunk with 100000 rows...
Processed chunk with 100000 rows...
Processed chunk with 100000 rows...
Processed chunk with 100000 rows...
Processed chunk with 100000 rows...
Processed chunk with 100000 rows...
Processed chunk with 100000 rows...
Processed chunk with 100000 rows...
Processed chunk with 100000 rows...
Processed chunk with 100000 rows...
Processed chunk with 100000 rows...
Processed chunk with 100000 rows...
Processed chunk with 100000 rows...
Processed chunk with 100000 rows...
Processed chunk with 100000 rows...
Processed chunk with 100000 rows...
Processed chunk with 100000 rows...
Processed chunk with 100000 rows...
Processed chunk with 100000 rows...
Processed chunk with 100000 rows...
Processed chunk with 100000 rows...
Processed chunk with 100000 rows...
Processed chunk with 100000 rows...
Processed chunk with 100000 rows...
Processed chunk with 100000 rows...
Processed chunk with 100000 rows...
Processed chunk with 100000 rows...
Processed chunk with 100000 rows...
Processed chunk with 100000 rows...
Processed chunk with 100000 rows...
Processed chunk with 100000 rows...
Processed chunk with 100000 rows...
Processed chunk with 100000 rows...
Processed chunk with 100000 rows...
Processed chunk with 100000 rows...
Processed chunk with 100000 rows...
Processed chunk with 100000 rows...
Processed chunk with 100000 rows...
Processed chunk with 100000 rows...
Processed chunk with 100000 rows...
Processed chunk with 100000 rows...
Processed chunk with 100000 rows...
Processed chunk with 100000 rows...
Processed chunk with 100000 rows...
Processed chunk with 100000 rows...
Processed chunk with 100000 rows...
Processed chunk with 100000 rows...
Processed chunk with 100000 rows...
Processed chunk with 100000 rows...
Processed chunk with 100000 rows...
Processed chunk with 100000 rows...
Processed chunk with 100000 rows...
Processed chunk with 100000 rows...
Processed chunk with 100000 rows...
Processed chunk with 100000 rows...
Processed chunk with 100000 rows...
Processed chunk with 100000 rows...
Processed chunk with 100000 rows...
Processed chunk with 100000 rows...
Processed chunk with 100000 rows...
Processed chunk with 100000 rows...
Processed chunk with 100000 rows...
Processed chunk with 100000 rows...
Processed chunk with 100000 rows...
Processed chunk with 100000 rows...
Processed chunk with 100000 rows...
Processed chunk with 100000 rows...
Processed chunk with 100000 rows...
Processed chunk with 100000 rows...
Processed chunk with 100000 rows...
Processed chunk with 100000 rows...
Processed chunk with 100000 rows...
Processed chunk with 100000 rows...
Processed chunk with 100000 rows...
Processed chunk with 100000 rows...
Processed chunk with 100000 rows...
Processed chunk with 100000 rows...
Processed chunk with 100000 rows...
Processed chunk with 100000 rows...
Processed chunk with 100000 rows...
Processed chunk with 100000 rows...
Processed chunk with 100000 rows...
Processed chunk with 100000 rows...
Processed chunk with 100000 rows...
Processed chunk with 100000 rows...
Processed chunk with 100000 rows...
Processed chunk with 100000 rows...
Processed chunk with 100000 rows...
Processed chunk with 100000 rows...
Processed chunk with 100000 rows...
Processed chunk with 100000 rows...
Processed chunk with 100000 rows...
Processed chunk with 100000 rows...
Processed chunk with 100000 rows...
Processed chunk with 100000 rows...
Processed chunk with 100000 rows...
Processed chunk with 100000 rows...
Processed chunk with 100000 rows...
Processed chunk with 100000 rows...
Processed chunk with 100000 rows...
Processed chunk with 100000 rows...
Processed chunk with 100000 rows...
Processed chunk with 100000 rows...
Processed chunk with 100000 rows...
Processed chunk with 100000 rows...
Processed chunk with 100000 rows...
Processed chunk with 100000 rows...
Processed chunk with 100000 rows...
Processed chunk with 100000 rows...
Processed chunk with 100000 rows...
Processed chunk with 100000 rows...
Processed chunk with 100000 rows...
Processed chunk with 100000 rows...
Processed chunk with 100000 rows...
Processed chunk with 100000 rows...
Processed chunk with 100000 rows...
Processed chunk with 100000 rows...
Processed chunk with 100000 rows...
Processed chunk with 100000 rows...
Processed chunk with 100000 rows...
Processed chunk with 100000 rows...
Processed chunk with 100000 rows...
Processed chunk with 100000 rows...
Processed chunk with 100000 rows...
Processed chunk with 100000 rows...
Processed chunk with 100000 rows...
Processed chunk with 100000 rows...
Processed chunk with 100000 rows...
Processed chunk with 100000 rows...
Processed chunk with 100000 rows...
Processed chunk with 100000 rows...
Processed chunk with 100000 rows...
Processed chunk with 100000 rows...
Processed chunk with 100000 rows...
Processed chunk with 100000 rows...
Processed chunk with 100000 rows...
Processed chunk with 100000 rows...
Processed chunk with 100000 rows...
Processed chunk with 100000 rows...
Processed chunk with 100000 rows...
Processed chunk with 100000 rows...
Processed chunk with 100000 rows...
Processed chunk with 100000 rows...
Processed chunk with 100000 rows...
Processed chunk with 100000 rows...
Processed chunk with 100000 rows...
Processed chunk with 100000 rows...
Processed chunk with 100000 rows...
Processed chunk with 100000 rows...
Processed chunk with 100000 rows...
Processed chunk with 100000 rows...
Processed chunk with 100000 rows...
Processed chunk with 100000 rows...
Processed chunk with 100000 rows...
Processed chunk with 100000 rows...
Processed chunk with 100000 rows...
Processed chunk with 100000 rows...
Processed chunk with 100000 rows...
Processed chunk with 100000 rows...
Processed chunk with 100000 rows...
Processed chunk with 100000 rows...
Processed chunk with 100000 rows...
Processed chunk with 100000 rows...
Processed chunk with 100000 rows...
Processed chunk with 100000 rows...
Processed chunk with 100000 rows...
Processed chunk with 100000 rows...
Processed chunk with 100000 rows...
Processed chunk with 100000 rows...
Processed chunk with 100000 rows...
Processed chunk with 100000 rows...
Processed chunk with 100000 rows...
Processed chunk with 100000 rows...
Processed chunk with 100000 rows...
Processed chunk with 100000 rows...
Processed chunk with 100000 rows...
Processed chunk with 100000 rows...
Processed chunk with 100000 rows...
Processed chunk with 100000 rows...
Processed chunk with 100000 rows...
Processed chunk with 100000 rows...
Processed chunk with 100000 rows...
Processed chunk with 100000 rows...
Processed chunk with 100000 rows...
Processed chunk with 100000 rows...
Processed chunk with 100000 rows...
Processed chunk with 100000 rows...
Processed chunk with 100000 rows...
Processed chunk with 100000 rows...
Processed chunk with 100000 rows...
Processed chunk with 100000 rows...
Processed chunk with 100000 rows...
Processed chunk with 100000 rows...
Processed chunk with 100000 rows...
Processed chunk with 100000 rows...
Processed chunk with 100000 rows...
Processed chunk with 100000 rows...
Processed chunk with 100000 rows...
Processed chunk with 100000 rows...
Processed chunk with 100000 rows...
Processed chunk with 100000 rows...
Processed chunk with 100000 rows...
Processed chunk with 100000 rows...
Processed chunk with 100000 rows...
Processed chunk with 100000 rows...
Processed chunk with 100000 rows...
Processed chunk with 100000 rows...
Processed chunk with 100000 rows...
Processed chunk with 100000 rows...
Processed chunk with 100000 rows...
Processed chunk with 100000 rows...
Processed chunk with 100000 rows...
Processed chunk with 100000 rows...
Processed chunk with 100000 rows...
Processed chunk with 100000 rows...
Processed chunk with 100000 rows...
Processed chunk with 100000 rows...
Processed chunk with 100000 rows...
Processed chunk with 100000 rows...
Processed chunk with 100000 rows...
Processed chunk with 100000 rows...
Processed chunk with 100000 rows...
Processed chunk with 100000 rows...
Processed chunk with 100000 rows...
Processed chunk with 100000 rows...
Processed chunk with 100000 rows...
Processed chunk with 100000 rows...
Processed chunk with 100000 rows...
Processed chunk with 100000 rows...
Processed chunk with 100000 rows...
Processed chunk with 100000 rows...
Processed chunk with 100000 rows...
Processed chunk with 100000 rows...
Processed chunk with 100000 rows...
Processed chunk with 100000 rows...
Processed chunk with 100000 rows...
Processed chunk with 100000 rows...
Processed chunk with 100000 rows...
Processed chunk with 100000 rows...
Processed chunk with 100000 rows...
Processed chunk with 100000 rows...
Processed chunk with 100000 rows...
Processed chunk with 100000 rows...
Processed chunk with 100000 rows...
Processed chunk with 100000 rows...
Processed chunk with 100000 rows...
Processed chunk with 100000 rows...
Processed chunk with 100000 rows...
Processed chunk with 100000 rows...
Processed chunk with 100000 rows...
Processed chunk with 100000 rows...
Processed chunk with 100000 rows...
Processed chunk with 100000 rows...
Processed chunk with 100000 rows...
Processed chunk with 100000 rows...
Processed chunk with 100000 rows...
Processed chunk with 100000 rows...
Processed chunk with 100000 rows...
Processed chunk with 100000 rows...
Processed chunk with 100000 rows...
Processed chunk with 100000 rows...
Processed chunk with 100000 rows...
Processed chunk with 100000 rows...
Processed chunk with 100000 rows...
Processed chunk with 100000 rows...
Processed chunk with 100000 rows...
Processed chunk with 100000 rows...
Processed chunk with 100000 rows...
Processed chunk with 100000 rows...
Processed chunk with 100000 rows...
Processed chunk with 100000 rows...
Processed chunk with 100000 rows...
Processed chunk with 100000 rows...
Processed chunk with 100000 rows...
Processed chunk with 100000 rows...
Processed chunk with 100000 rows...
Processed chunk with 100000 rows...
Processed chunk with 100000 rows...
Processed chunk with 100000 rows...
Processed chunk with 100000 rows...
Processed chunk with 100000 rows...
Processed chunk with 100000 rows...
Processed chunk with 100000 rows...
Processed chunk with 100000 rows...
Processed chunk with 100000 rows...
Processed chunk with 100000 rows...
Processed chunk with 100000 rows...
Processed chunk with 100000 rows...
Processed chunk with 100000 rows...
Processed chunk with 100000 rows...
Processed chunk with 100000 rows...
Processed chunk with 100000 rows...
Processed chunk with 100000 rows...
Processed chunk with 100000 rows...
Processed chunk with 100000 rows...
Processed chunk with 100000 rows...
Processed chunk with 100000 rows...
Processed chunk with 100000 rows...
Processed chunk with 100000 rows...
Processed chunk with 100000 rows...
Processed chunk with 100000 rows...
Processed chunk with 100000 rows...
Processed chunk with 100000 rows...
Processed chunk with 100000 rows...
Processed chunk with 100000 rows...
Processed chunk with 100000 rows...
Processed chunk with 100000 rows...
Processed chunk with 100000 rows...
Processed chunk with 100000 rows...
Processed chunk with 100000 rows...
Processed chunk with 100000 rows...
Processed chunk with 100000 rows...
Processed chunk with 100000 rows...
Processed chunk with 100000 rows...
Processed chunk with 100000 rows...
Processed chunk with 100000 rows...
Processed chunk with 100000 rows...
Processed chunk with 100000 rows...
Processed chunk with 100000 rows...
Processed chunk with 100000 rows...
Processed chunk with 100000 rows...
Processed chunk with 100000 rows...
Processed chunk with 100000 rows...
Processed chunk with 100000 rows...
Processed chunk with 100000 rows...
Processed chunk with 100000 rows...
Processed chunk with 100000 rows...
Processed chunk with 100000 rows...
Processed chunk with 100000 rows...
Processed chunk with 100000 rows...
Processed chunk with 100000 rows...
Processed chunk with 100000 rows...
Processed chunk with 100000 rows...
Processed chunk with 100000 rows...
Processed chunk with 100000 rows...
Processed chunk with 100000 rows...
Processed chunk with 100000 rows...
Processed chunk with 100000 rows...
Processed chunk with 100000 rows...
Processed chunk with 100000 rows...
Processed chunk with 100000 rows...
Processed chunk with 100000 rows...
Processed chunk with 100000 rows...
Processed chunk with 100000 rows...
Processed chunk with 100000 rows...
Processed chunk with 100000 rows...
Processed chunk with 100000 rows...
Processed chunk with 100000 rows...
Processed chunk with 100000 rows...
Processed chunk with 100000 rows...
Processed chunk with 100000 rows...
Processed chunk with 100000 rows...
Processed chunk with 100000 rows...
Processed chunk with 100000 rows...
Processed chunk with 100000 rows...
Processed chunk with 100000 rows...
Processed chunk with 100000 rows...
Processed chunk with 100000 rows...
Processed chunk with 100000 rows...
Processed chunk with 100000 rows...
Processed chunk with 100000 rows...
Processed chunk with 100000 rows...
Processed chunk with 100000 rows...
Processed chunk with 100000 rows...
Processed chunk with 100000 rows...
Processed chunk with 100000 rows...
Processed chunk with 100000 rows...
Processed chunk with 100000 rows...
Processed chunk with 100000 rows...
Processed chunk with 100000 rows...
Processed chunk with 100000 rows...
Processed chunk with 100000 rows...
Processed chunk with 100000 rows...
Processed chunk with 100000 rows...
Processed chunk with 100000 rows...
Processed chunk with 100000 rows...
Processed chunk with 100000 rows...
Processed chunk with 100000 rows...
Processed chunk with 100000 rows...
Processed chunk with 100000 rows...
Processed chunk with 100000 rows...
Processed chunk with 100000 rows...
Processed chunk with 100000 rows...
Processed chunk with 100000 rows...
Processed chunk with 100000 rows...
Processed chunk with 100000 rows...
Processed chunk with 100000 rows...
Processed chunk with 100000 rows...
Processed chunk with 100000 rows...
Processed chunk with 100000 rows...
Processed chunk with 100000 rows...
Processed chunk with 100000 rows...
Processed chunk with 100000 rows...
Processed chunk with 100000 rows...
Processed chunk with 100000 rows...
Processed chunk with 100000 rows...
Processed chunk with 100000 rows...
Processed chunk with 100000 rows...
Processed chunk with 100000 rows...
Processed chunk with 100000 rows...
Processed chunk with 100000 rows...
Processed chunk with 100000 rows...
Processed chunk with 100000 rows...
Processed chunk with 100000 rows...
Processed chunk with 100000 rows...
Processed chunk with 100000 rows...
Processed chunk with 100000 rows...
Processed chunk with 100000 rows...
Processed chunk with 100000 rows...
Processed chunk with 100000 rows...
Processed chunk with 100000 rows...
Processed chunk with 100000 rows...
Processed chunk with 100000 rows...
Processed chunk with 100000 rows...
Processed chunk with 100000 rows...
Processed chunk with 100000 rows...
Processed chunk with 100000 rows...
Processed chunk with 100000 rows...
Processed chunk with 100000 rows...
Processed chunk with 100000 rows...
Processed chunk with 100000 rows...
Processed chunk with 100000 rows...
Processed chunk with 100000 rows...
Processed chunk with 100000 rows...
Processed chunk with 100000 rows...
Processed chunk with 100000 rows...
Processed chunk with 100000 rows...
Processed chunk with 100000 rows...
Processed chunk with 100000 rows...
Processed chunk with 100000 rows...
Processed chunk with 100000 rows...
Processed chunk with 100000 rows...
Processed chunk with 100000 rows...
Processed chunk with 100000 rows...
Processed chunk with 100000 rows...
Processed chunk with 100000 rows...
Processed chunk with 100000 rows...
Processed chunk with 100000 rows...
Processed chunk with 100000 rows...
Processed chunk with 100000 rows...
Processed chunk with 100000 rows...
Processed chunk with 100000 rows...
Processed chunk with 100000 rows...
Processed chunk with 100000 rows...
Processed chunk with 100000 rows...
Processed chunk with 100000 rows...
Processed chunk with 100000 rows...
Processed chunk with 100000 rows...
Processed chunk with 100000 rows...
Processed chunk with 100000 rows...
Processed chunk with 100000 rows...
Processed chunk with 100000 rows...
Processed chunk with 100000 rows...
Processed chunk with 100000 rows...
Processed chunk with 100000 rows...
Processed chunk with 100000 rows...
Processed chunk with 100000 rows...
Processed chunk with 100000 rows...
Processed chunk with 100000 rows...
Processed chunk with 100000 rows...
Processed chunk with 100000 rows...
Processed chunk with 100000 rows...
Processed chunk with 100000 rows...
Processed chunk with 100000 rows...
Processed chunk with 100000 rows...
Processed chunk with 100000 rows...
Processed chunk with 100000 rows...
Processed chunk with 100000 rows...
Processed chunk with 100000 rows...
Processed chunk with 100000 rows...
Processed chunk with 100000 rows...
Processed chunk with 100000 rows...
Processed chunk with 100000 rows...
Processed chunk with 100000 rows...
Processed chunk with 100000 rows...
Processed chunk with 100000 rows...
Processed chunk with 100000 rows...
Processed chunk with 100000 rows...
Processed chunk with 100000 rows...
Processed chunk with 100000 rows...
Processed chunk with 100000 rows...
Processed chunk with 100000 rows...
Processed chunk with 100000 rows...
Processed chunk with 100000 rows...
Processed chunk with 100000 rows...
Processed chunk with 100000 rows...
Processed chunk with 100000 rows...
Processed chunk with 100000 rows...
Processed chunk with 100000 rows...
Processed chunk with 100000 rows...
Processed chunk with 100000 rows...
Processed chunk with 100000 rows...
Processed chunk with 100000 rows...
Processed chunk with 100000 rows...
Processed chunk with 100000 rows...
Processed chunk with 100000 rows...
Processed chunk with 100000 rows...
Processed chunk with 100000 rows...
Processed chunk with 100000 rows...
Processed chunk with 100000 rows...
Processed chunk with 100000 rows...
Processed chunk with 100000 rows...
Processed chunk with 100000 rows...
Processed chunk with 100000 rows...
Processed chunk with 100000 rows...
Processed chunk with 100000 rows...
Processed chunk with 100000 rows...
Processed chunk with 100000 rows...
Processed chunk with 100000 rows...
Processed chunk with 100000 rows...
Processed chunk with 100000 rows...
Processed chunk with 100000 rows...
Processed chunk with 100000 rows...
Processed chunk with 100000 rows...
Processed chunk with 100000 rows...
Processed chunk with 100000 rows...
Processed chunk with 100000 rows...
Processed chunk with 100000 rows...
Processed chunk with 100000 rows...
Processed chunk with 100000 rows...
Processed chunk with 100000 rows...
Processed chunk with 100000 rows...
Processed chunk with 100000 rows...
Processed chunk with 100000 rows...
Processed chunk with 100000 rows...
Processed chunk with 100000 rows...
Processed chunk with 100000 rows...
Processed chunk with 100000 rows...
Processed chunk with 100000 rows...
Processed chunk with 100000 rows...
Processed chunk with 100000 rows...
Processed chunk with 100000 rows...
Processed chunk with 100000 rows...
Processed chunk with 100000 rows...
Processed chunk with 100000 rows...
Processed chunk with 100000 rows...
Processed chunk with 100000 rows...
Processed chunk with 100000 rows...
Processed chunk with 100000 rows...
Processed chunk with 100000 rows...
Processed chunk with 100000 rows...
Processed chunk with 100000 rows...
Processed chunk with 100000 rows...
Processed chunk with 100000 rows...
Processed chunk with 100000 rows...
Processed chunk with 100000 rows...
Processed chunk with 100000 rows...
Processed chunk with 100000 rows...
Processed chunk with 100000 rows...
Processed chunk with 100000 rows...
Processed chunk with 100000 rows...
Processed chunk with 100000 rows...
Processed chunk with 100000 rows...
Processed chunk with 100000 rows...
Processed chunk with 100000 rows...
Processed chunk with 100000 rows...
Processed chunk with 100000 rows...
Processed chunk with 100000 rows...
Processed chunk with 100000 rows...
Processed chunk with 100000 rows...
Processed chunk with 100000 rows...
Processed chunk with 100000 rows...
Processed chunk with 100000 rows...
Processed chunk with 100000 rows...
Processed chunk with 100000 rows...
Processed chunk with 100000 rows...
Processed chunk with 100000 rows...
Processed chunk with 100000 rows...
Processed chunk with 100000 rows...
Processed chunk with 100000 rows...
Processed chunk with 100000 rows...
Processed chunk with 100000 rows...
Processed chunk with 100000 rows...
Processed chunk with 100000 rows...
Processed chunk with 100000 rows...
Processed chunk with 100000 rows...
Processed chunk with 100000 rows...
Processed chunk with 100000 rows...
Processed chunk with 100000 rows...
Processed chunk with 100000 rows...
Processed chunk with 100000 rows...
Processed chunk with 100000 rows...
Processed chunk with 100000 rows...
Processed chunk with 100000 rows...
Processed chunk with 100000 rows...
Processed chunk with 100000 rows...
Processed chunk with 100000 rows...
Processed chunk with 100000 rows...
Processed chunk with 100000 rows...
Processed chunk with 100000 rows...
Processed chunk with 100000 rows...
Processed chunk with 100000 rows...
Processed chunk with 100000 rows...
Processed chunk with 100000 rows...
Processed chunk with 100000 rows...
Processed chunk with 100000 rows...
Processed chunk with 100000 rows...
Processed chunk with 100000 rows...
Processed chunk with 100000 rows...
Processed chunk with 100000 rows...
Processed chunk with 100000 rows...
Processed chunk with 100000 rows...
Processed chunk with 100000 rows...
Processed chunk with 100000 rows...
Processed chunk with 100000 rows...
Processed chunk with 100000 rows...
Processed chunk with 100000 rows...
Processed chunk with 100000 rows...
Processed chunk with 100000 rows...
Processed chunk with 100000 rows...
Processed chunk with 100000 rows...
Processed chunk with 100000 rows...
Processed chunk with 100000 rows...
Processed chunk with 100000 rows...
Processed chunk with 100000 rows...
Processed chunk with 100000 rows...
Processed chunk with 100000 rows...
Processed chunk with 100000 rows...
Processed chunk with 100000 rows...
Processed chunk with 100000 rows...
Processed chunk with 100000 rows...
Processed chunk with 100000 rows...
Processed chunk with 100000 rows...
Processed chunk with 100000 rows...
Processed chunk with 100000 rows...
Processed chunk with 100000 rows...
Processed chunk with 100000 rows...
Processed chunk with 100000 rows...
Processed chunk with 100000 rows...
Processed chunk with 100000 rows...
Processed chunk with 100000 rows...
Processed chunk with 100000 rows...
Processed chunk with 100000 rows...
Processed chunk with 100000 rows...
Processed chunk with 100000 rows...
Processed chunk with 100000 rows...
Processed chunk with 100000 rows...
Processed chunk with 100000 rows...
Processed chunk with 100000 rows...
Processed chunk with 100000 rows...
Processed chunk with 100000 rows...
Processed chunk with 100000 rows...
Processed chunk with 100000 rows...
Processed chunk with 100000 rows...
Processed chunk with 100000 rows...
Processed chunk with 100000 rows...
Processed chunk with 100000 rows...
Processed chunk with 100000 rows...
Processed chunk with 100000 rows...
Processed chunk with 100000 rows...
Processed chunk with 100000 rows...
Processed chunk with 100000 rows...
Processed chunk with 100000 rows...
Processed chunk with 100000 rows...
Processed chunk with 100000 rows...
Processed chunk with 100000 rows...
Processed chunk with 100000 rows...
Processed chunk with 100000 rows...
Processed chunk with 100000 rows...
Processed chunk with 100000 rows...
Processed chunk with 100000 rows...
Processed chunk with 100000 rows...
Processed chunk with 100000 rows...
Processed chunk with 100000 rows...
Processed chunk with 100000 rows...
Processed chunk with 100000 rows...
Processed chunk with 100000 rows...
Processed chunk with 100000 rows...
Processed chunk with 100000 rows...
Processed chunk with 100000 rows...
Processed chunk with 100000 rows...
Processed chunk with 100000 rows...
Processed chunk with 100000 rows...
Processed chunk with 100000 rows...
Processed chunk with 100000 rows...
Processed chunk with 100000 rows...
Processed chunk with 100000 rows...
Processed chunk with 100000 rows...
Processed chunk with 100000 rows...
Processed chunk with 100000 rows...
Processed chunk with 100000 rows...
Processed chunk with 100000 rows...
Processed chunk with 100000 rows...
Processed chunk with 100000 rows...
Processed chunk with 100000 rows...
Processed chunk with 100000 rows...
Processed chunk with 100000 rows...
Processed chunk with 100000 rows...
Processed chunk with 100000 rows...
Processed chunk with 100000 rows...
Processed chunk with 100000 rows...
Processed chunk with 100000 rows...
Processed chunk with 100000 rows...
Processed chunk with 100000 rows...
Processed chunk with 100000 rows...
Processed chunk with 100000 rows...
Processed chunk with 100000 rows...
Processed chunk with 100000 rows...
Processed chunk with 100000 rows...
Processed chunk with 48341 rows...
Category counts for all rows have been saved to 'category_counts_parler.txt'.
[nltk_data] Downloading package stopwords to /home/jovyan/nltk_data...
[nltk_data]   Package stopwords is already up-to-date!
Traceback (most recent call last):
  File "/notebooks/Naman/dotwin.py", line 142, in <module>
    processed_df = process_data_in_chunks("datasets/dotwin_comments.csv", chunk_size=100000)
  File "/notebooks/Naman/dotwin.py", line 106, in process_data_in_chunks
    for chunk in pd.read_csv(file_path, chunksize=chunk_size):
  File "/opt/conda/lib/python3.10/site-packages/pandas/util/_decorators.py", line 211, in wrapper
    return func(*args, **kwargs)
  File "/opt/conda/lib/python3.10/site-packages/pandas/util/_decorators.py", line 317, in wrapper
    return func(*args, **kwargs)
  File "/opt/conda/lib/python3.10/site-packages/pandas/io/parsers/readers.py", line 950, in read_csv
    return _read(filepath_or_buffer, kwds)
  File "/opt/conda/lib/python3.10/site-packages/pandas/io/parsers/readers.py", line 605, in _read
    parser = TextFileReader(filepath_or_buffer, **kwds)
  File "/opt/conda/lib/python3.10/site-packages/pandas/io/parsers/readers.py", line 1442, in __init__
    self._engine = self._make_engine(f, self.engine)
  File "/opt/conda/lib/python3.10/site-packages/pandas/io/parsers/readers.py", line 1729, in _make_engine
    self.handles = get_handle(
  File "/opt/conda/lib/python3.10/site-packages/pandas/io/common.py", line 857, in get_handle
    handle = open(
FileNotFoundError: [Errno 2] No such file or directory: 'datasets/dotwin_comments.csv'
