[nltk_data] Downloading package stopwords to /home/jovyan/nltk_data...
[nltk_data]   Package stopwords is already up-to-date!
Traceback (most recent call last):
  File "/notebooks/Naman/parler.py", line 97, in <module>
    results = Parallel(n_jobs=num_cores)(delayed(process_chunk)(chunk) for chunk in [chunk])
  File "/opt/conda/lib/python3.10/site-packages/joblib/parallel.py", line 1098, in __call__
    self.retrieve()
  File "/opt/conda/lib/python3.10/site-packages/joblib/parallel.py", line 975, in retrieve
    self._output.extend(job.get(timeout=self.timeout))
  File "/opt/conda/lib/python3.10/site-packages/joblib/_parallel_backends.py", line 567, in wrap_future_result
    return future.result(timeout=timeout)
  File "/opt/conda/lib/python3.10/concurrent/futures/_base.py", line 453, in result
    self._condition.wait(timeout)
  File "/opt/conda/lib/python3.10/threading.py", line 320, in wait
    waiter.acquire()
KeyboardInterrupt
[nltk_data] Downloading package stopwords to /home/jovyan/nltk_data...
[nltk_data]   Package stopwords is already up-to-date!
Processed chunk with 100000 rows...
Processed chunk with 100000 rows...
Processed chunk with 100000 rows...
Processed chunk with 100000 rows...
Processed chunk with 100000 rows...
Processed chunk with 100000 rows...
